<?xml version="1.0" encoding="UTF-8"?>
<!-- Generated by org.testng.reporters.JUnitXMLReporter -->
<testsuite hostname="Ashrafs-MacBook-Air.local" ignored="0" name="Default test" tests="6" failures="0" timestamp="2020-06-07T12:05:18 EDT" time="43.604" errors="0">
  <testcase name="bestseller" time="1.411" classname="amazon3.clickinfunctionality"/>
  <testcase name="customer_service" time="0.442" classname="amazon3.clickinfunctionality"/>
  <testcase name="clicking3" time="0.622" classname="amazon3.clickinfunctionality"/>
  <testcase name="clicking4" time="1.592" classname="amazon3.clickinfunctionality"/>
  <testcase name="sell" time="0.453" classname="amazon3.clickinfunctionality"/>
  <testcase name="wholefood" time="0.388" classname="amazon3.clickinfunctionality"/>
</testsuite> <!-- Default test -->
