<?xml version="1.0" encoding="UTF-8"?>
<!-- Generated by org.testng.reporters.JUnitXMLReporter -->
<testsuite hostname="Ashrafs-MacBook-Air.local" ignored="15" name="Test" tests="1" failures="0" timestamp="2020-05-30T20:27:56 EDT" time="8.332" errors="0">
  <testcase name="customer_service" time="0.965" classname="amazon3.clickinfunctionality"/>
  <testcase name="login_no_credential" time="0.0" classname="amazon3.loginfunctionality">
    <ignored/>
  </testcase> <!-- login_no_credential -->
  <testcase name="login_valid" time="0.0" classname="amazon3.loginfunctionality">
    <ignored/>
  </testcase> <!-- login_valid -->
  <testcase name="search_weber" time="0.0" classname="amazon3.searchfunctionality">
    <ignored/>
  </testcase> <!-- search_weber -->
  <testcase name="login_valid_invalid" time="0.0" classname="amazon3.loginfunctionality">
    <ignored/>
  </testcase> <!-- login_valid_invalid -->
  <testcase name="search_sanitizer" time="0.0" classname="amazon3.searchfunctionality">
    <ignored/>
  </testcase> <!-- search_sanitizer -->
  <testcase name="search_nintendo" time="0.0" classname="amazon3.searchfunctionality">
    <ignored/>
  </testcase> <!-- search_nintendo -->
  <testcase name="clicking4" time="0.0" classname="amazon3.clickinfunctionality">
    <ignored/>
  </testcase> <!-- clicking4 -->
  <testcase name="wholefood" time="0.0" classname="amazon3.clickinfunctionality">
    <ignored/>
  </testcase> <!-- wholefood -->
  <testcase name="sell" time="0.0" classname="amazon3.clickinfunctionality">
    <ignored/>
  </testcase> <!-- sell -->
  <testcase name="login_invalid" time="0.0" classname="amazon3.loginfunctionality">
    <ignored/>
  </testcase> <!-- login_invalid -->
  <testcase name="bestseller" time="0.0" classname="amazon3.clickinfunctionality">
    <ignored/>
  </testcase> <!-- bestseller -->
  <testcase name="search_ps4" time="0.0" classname="amazon3.searchfunctionality">
    <ignored/>
  </testcase> <!-- search_ps4 -->
  <testcase name="search_airpodpro" time="0.0" classname="amazon3.searchfunctionality">
    <ignored/>
  </testcase> <!-- search_airpodpro -->
  <testcase name="search_n95mask" time="0.0" classname="amazon3.searchfunctionality">
    <ignored/>
  </testcase> <!-- search_n95mask -->
  <testcase name="clicking3" time="0.0" classname="amazon3.clickinfunctionality">
    <ignored/>
  </testcase> <!-- clicking3 -->
</testsuite> <!-- Test -->
