<?xml version="1.0" encoding="UTF-8"?>
<testng-results skipped="0" failed="0" ignored="0" total="6" passed="6">
  <reporter-output>
  </reporter-output>
  <suite name="Default suite" duration-ms="43604" started-at="2020-06-07T12:04:34 EDT" finished-at="2020-06-07T12:05:17 EDT">
    <groups>
      <group name="sanity">
        <method signature="clickinfunctionality.customer_service()[pri:2, instance:amazon3.clickinfunctionality@30b8a058]" name="customer_service" class="amazon3.clickinfunctionality"/>
      </group> <!-- sanity -->
    </groups>
    <test name="Default test" duration-ms="43604" started-at="2020-06-07T12:04:34 EDT" finished-at="2020-06-07T12:05:17 EDT">
      <class name="amazon3.clickinfunctionality">
        <test-method status="PASS" signature="login()[pri:0, instance:amazon3.clickinfunctionality@30b8a058]" name="login" is-config="true" duration-ms="5240" started-at="2020-06-07T12:04:34 EDT" finished-at="2020-06-07T12:04:39 EDT">
          <reporter-output>
          </reporter-output>
        </test-method> <!-- login -->
        <test-method status="PASS" signature="bestseller()[pri:1, instance:amazon3.clickinfunctionality@30b8a058]" name="bestseller" duration-ms="1411" started-at="2020-06-07T12:04:39 EDT" finished-at="2020-06-07T12:04:40 EDT">
          <reporter-output>
          </reporter-output>
        </test-method> <!-- bestseller -->
        <test-method status="PASS" signature="close()[pri:0, instance:amazon3.clickinfunctionality@30b8a058]" name="close" is-config="true" duration-ms="2224" started-at="2020-06-07T12:04:40 EDT" finished-at="2020-06-07T12:04:42 EDT">
          <reporter-output>
          </reporter-output>
        </test-method> <!-- close -->
        <test-method status="PASS" signature="login()[pri:0, instance:amazon3.clickinfunctionality@30b8a058]" name="login" is-config="true" duration-ms="4193" started-at="2020-06-07T12:04:42 EDT" finished-at="2020-06-07T12:04:47 EDT">
          <reporter-output>
          </reporter-output>
        </test-method> <!-- login -->
        <test-method status="PASS" signature="customer_service()[pri:2, instance:amazon3.clickinfunctionality@30b8a058]" name="customer_service" duration-ms="442" started-at="2020-06-07T12:04:47 EDT" finished-at="2020-06-07T12:04:47 EDT">
          <reporter-output>
          </reporter-output>
        </test-method> <!-- customer_service -->
        <test-method status="PASS" signature="close()[pri:0, instance:amazon3.clickinfunctionality@30b8a058]" name="close" is-config="true" duration-ms="2191" started-at="2020-06-07T12:04:47 EDT" finished-at="2020-06-07T12:04:49 EDT">
          <reporter-output>
          </reporter-output>
        </test-method> <!-- close -->
        <test-method status="PASS" signature="login()[pri:0, instance:amazon3.clickinfunctionality@30b8a058]" name="login" is-config="true" duration-ms="4215" started-at="2020-06-07T12:04:49 EDT" finished-at="2020-06-07T12:04:54 EDT">
          <reporter-output>
          </reporter-output>
        </test-method> <!-- login -->
        <test-method status="PASS" signature="clicking3()[pri:3, instance:amazon3.clickinfunctionality@30b8a058]" name="clicking3" duration-ms="622" started-at="2020-06-07T12:04:54 EDT" finished-at="2020-06-07T12:04:54 EDT">
          <reporter-output>
          </reporter-output>
        </test-method> <!-- clicking3 -->
        <test-method status="PASS" signature="close()[pri:0, instance:amazon3.clickinfunctionality@30b8a058]" name="close" is-config="true" duration-ms="2192" started-at="2020-06-07T12:04:54 EDT" finished-at="2020-06-07T12:04:56 EDT">
          <reporter-output>
          </reporter-output>
        </test-method> <!-- close -->
        <test-method status="PASS" signature="login()[pri:0, instance:amazon3.clickinfunctionality@30b8a058]" name="login" is-config="true" duration-ms="3788" started-at="2020-06-07T12:04:56 EDT" finished-at="2020-06-07T12:05:00 EDT">
          <reporter-output>
          </reporter-output>
        </test-method> <!-- login -->
        <test-method status="PASS" signature="clicking4()[pri:4, instance:amazon3.clickinfunctionality@30b8a058]" name="clicking4" duration-ms="1592" started-at="2020-06-07T12:05:00 EDT" finished-at="2020-06-07T12:05:02 EDT">
          <reporter-output>
          </reporter-output>
        </test-method> <!-- clicking4 -->
        <test-method status="PASS" signature="close()[pri:0, instance:amazon3.clickinfunctionality@30b8a058]" name="close" is-config="true" duration-ms="2191" started-at="2020-06-07T12:05:02 EDT" finished-at="2020-06-07T12:05:04 EDT">
          <reporter-output>
          </reporter-output>
        </test-method> <!-- close -->
        <test-method status="PASS" signature="login()[pri:0, instance:amazon3.clickinfunctionality@30b8a058]" name="login" is-config="true" duration-ms="4011" started-at="2020-06-07T12:05:04 EDT" finished-at="2020-06-07T12:05:08 EDT">
          <reporter-output>
          </reporter-output>
        </test-method> <!-- login -->
        <test-method status="PASS" signature="sell()[pri:5, instance:amazon3.clickinfunctionality@30b8a058]" name="sell" duration-ms="453" started-at="2020-06-07T12:05:08 EDT" finished-at="2020-06-07T12:05:08 EDT">
          <reporter-output>
          </reporter-output>
        </test-method> <!-- sell -->
        <test-method status="PASS" signature="close()[pri:0, instance:amazon3.clickinfunctionality@30b8a058]" name="close" is-config="true" duration-ms="2227" started-at="2020-06-07T12:05:08 EDT" finished-at="2020-06-07T12:05:11 EDT">
          <reporter-output>
          </reporter-output>
        </test-method> <!-- close -->
        <test-method status="PASS" signature="login()[pri:0, instance:amazon3.clickinfunctionality@30b8a058]" name="login" is-config="true" duration-ms="3966" started-at="2020-06-07T12:05:11 EDT" finished-at="2020-06-07T12:05:15 EDT">
          <reporter-output>
          </reporter-output>
        </test-method> <!-- login -->
        <test-method status="PASS" signature="wholefood()[pri:6, instance:amazon3.clickinfunctionality@30b8a058]" name="wholefood" duration-ms="388" started-at="2020-06-07T12:05:15 EDT" finished-at="2020-06-07T12:05:15 EDT">
          <reporter-output>
          </reporter-output>
        </test-method> <!-- wholefood -->
        <test-method status="PASS" signature="close()[pri:0, instance:amazon3.clickinfunctionality@30b8a058]" name="close" is-config="true" duration-ms="2191" started-at="2020-06-07T12:05:15 EDT" finished-at="2020-06-07T12:05:17 EDT">
          <reporter-output>
          </reporter-output>
        </test-method> <!-- close -->
      </class> <!-- amazon3.clickinfunctionality -->
    </test> <!-- Default test -->
  </suite> <!-- Default suite -->
</testng-results>
